Vivado Simulator 2020.1
Copyright 1986-1999, 2001-2020 Xilinx, Inc. All Rights Reserved.
Running: D:/vivaldi/Vivado/2020.1/bin/unwrapped/win64.o/xelab.exe -wto 88b27acf634a43f889fb02683cb33adb --incr --debug typical --relax --mt 2 -L xil_defaultlib -L unisims_ver -L unimacro_ver -L secureip -L xpm --snapshot tb_secondTry_wrapper_behav xil_defaultlib.tb_secondTry_wrapper xil_defaultlib.glbl -log elaborate.log 
Using 2 slave threads.
Starting static elaboration
Pass Through NonSizing Optimizer
Completed static elaboration
Starting simulation data flow analysis
Completed simulation data flow analysis
Time Resolution for simulation is 1ps
Compiling package std.standard
Compiling package std.textio
Compiling package ieee.std_logic_1164
Compiling package ieee.numeric_std
Compiling package unisim.vcomponents
Compiling package vl.vl_types
Compiling module xil_defaultlib.glbl
Compiling module xil_defaultlib.xup_and2
Compiling module xil_defaultlib.secondTry_xup_and2_0_0
Compiling module xil_defaultlib.secondTry_xup_and2_1_0
Compiling module xil_defaultlib.secondTry_xup_and2_2_0
Compiling module xil_defaultlib.secondTry_xup_and2_3_0
Compiling module xil_defaultlib.secondTry_xup_and2_4_0
Compiling module xil_defaultlib.secondTry_xup_and2_5_0
Compiling module xil_defaultlib.xup_dff_en_reset
Compiling module xil_defaultlib.secondTry_xup_dff_en_reset_0_0
Compiling module xil_defaultlib.secondTry_xup_dff_en_reset_1_0
Compiling module xil_defaultlib.secondTry_xup_dff_en_reset_2_0
Compiling module xil_defaultlib.secondTry_xup_dff_en_reset_3_0
Compiling module xil_defaultlib.secondTry_xup_dff_en_reset_4_0
Compiling module xil_defaultlib.xup_inv
Compiling module xil_defaultlib.secondTry_xup_inv_0_0
Compiling module xil_defaultlib.xup_or2
Compiling module xil_defaultlib.secondTry_xup_or2_0_0
Compiling module xil_defaultlib.secondTry_xup_or2_1_0
Compiling module xil_defaultlib.xup_or4
Compiling module xil_defaultlib.secondTry_xup_or4_0_0
Compiling architecture structure of entity xil_defaultlib.secondTry [secondtry_default]
Compiling architecture structure of entity xil_defaultlib.secondTry_wrapper [secondtry_wrapper_default]
Compiling architecture tb of entity xil_defaultlib.tb_secondtry_wrapper
Built simulation snapshot tb_secondTry_wrapper_behav
